[2022-01-20T00:39:44.557] [DEBUG] cheese - login => username:张三,password:123456
[2022-01-20T00:39:44.559] [DEBUG] cheese - 张三
[2022-01-20T00:39:44.564] [DEBUG] cheese - null
[2022-01-20T00:39:44.565] [DEBUG] cheese - null
[2022-01-20T00:40:05.493] [DEBUG] cheese - login => username:张三,password:123456
[2022-01-20T00:40:05.493] [DEBUG] cheese - 张三
[2022-01-20T00:40:05.494] [DEBUG] cheese - null
[2022-01-20T00:40:05.494] [DEBUG] cheese - null
[2022-01-20T00:41:26.616] [DEBUG] cheese - login => username:admin,password:123456
[2022-01-20T00:41:26.616] [DEBUG] cheese - admin
[2022-01-20T00:41:26.619] [DEBUG] cheese - null
[2022-01-20T00:41:26.620] [DEBUG] cheese - null
[2022-01-20T13:38:23.991] [DEBUG] cheese - login => username:admin,password:123456
[2022-01-20T13:38:24.013] [DEBUG] cheese - admin
[2022-01-20T13:38:24.048] [DEBUG] cheese - null
[2022-01-20T13:38:24.048] [DEBUG] cheese - null
[2022-01-21T19:00:53.558] [DEBUG] cheese - login => username:zs5,password:123dsf
[2022-01-21T19:00:53.567] [DEBUG] cheese - zs5
[2022-01-21T19:00:53.613] [DEBUG] cheese - null
[2022-01-21T19:00:53.614] [DEBUG] cheese - null
[2022-01-21T19:07:12.950] [DEBUG] cheese - login => username:zs55,password:123456
[2022-01-21T19:07:12.951] [DEBUG] cheese - zs55
[2022-01-21T19:07:12.956] [DEBUG] cheese - null
[2022-01-21T19:07:12.956] [DEBUG] cheese - null
[2022-01-22T08:48:42.886] [DEBUG] cheese - login => username:admin,password:123456
[2022-01-22T08:48:42.887] [DEBUG] cheese - admin
[2022-01-22T08:48:42.937] [DEBUG] cheese - null
[2022-01-22T08:48:42.938] [DEBUG] cheese - null
[2022-01-22T08:48:48.670] [DEBUG] cheese - login => username:admin,password:123456
[2022-01-22T08:48:48.670] [DEBUG] cheese - admin
[2022-01-22T08:48:48.684] [DEBUG] cheese - null
[2022-01-22T08:48:48.684] [DEBUG] cheese - null
[2022-01-22T09:55:26.383] [DEBUG] cheese - login => username:admin,password:123456
[2022-01-22T09:55:26.385] [DEBUG] cheese - admin
[2022-01-22T09:55:26.416] [DEBUG] cheese - null
[2022-01-22T09:55:26.416] [DEBUG] cheese - null
[2022-01-22T10:00:35.854] [DEBUG] cheese - login => username:admin,password:123456
[2022-01-22T10:00:35.854] [DEBUG] cheese - admin
[2022-01-22T10:00:35.857] [DEBUG] cheese - null
[2022-01-22T10:00:35.857] [DEBUG] cheese - null
[2022-01-22T10:06:14.119] [DEBUG] cheese - login => username:admin,password:123456
[2022-01-22T10:06:14.119] [DEBUG] cheese - admin
[2022-01-22T10:06:14.123] [DEBUG] cheese - null
[2022-01-22T10:06:14.123] [DEBUG] cheese - null
[2022-01-22T10:08:02.731] [DEBUG] cheese - login => username:admin,password:123456
[2022-01-22T10:08:02.731] [DEBUG] cheese - admin
[2022-01-22T10:08:02.745] [DEBUG] cheese - null
[2022-01-22T10:08:02.745] [DEBUG] cheese - null
[2022-01-22T10:08:18.688] [DEBUG] cheese - login => username:admin,password:123456
[2022-01-22T10:08:18.688] [DEBUG] cheese - admin
[2022-01-22T10:08:18.703] [DEBUG] cheese - null
[2022-01-22T10:08:18.703] [DEBUG] cheese - null
[2022-01-22T10:38:05.582] [DEBUG] cheese - login => username:admin,password:123456
[2022-01-22T10:38:05.582] [DEBUG] cheese - admin
[2022-01-22T10:38:05.616] [DEBUG] cheese - null
[2022-01-22T10:38:05.616] [DEBUG] cheese - null
[2022-01-22T10:42:41.479] [DEBUG] cheese - login => username:admin,password:123456
[2022-01-22T10:42:41.480] [DEBUG] cheese - admin
[2022-01-22T10:42:41.496] [DEBUG] cheese - null
[2022-01-22T10:42:41.496] [DEBUG] cheese - null
[2022-01-22T10:44:24.248] [DEBUG] cheese - login => username:admin,password:123456
[2022-01-22T10:44:24.248] [DEBUG] cheese - admin
[2022-01-22T10:44:24.262] [DEBUG] cheese - null
[2022-01-22T10:44:24.262] [DEBUG] cheese - null
[2022-01-22T11:03:12.855] [DEBUG] cheese - login => username:admin,password:123456
[2022-01-22T11:03:12.856] [DEBUG] cheese - admin
[2022-01-22T11:03:12.859] [DEBUG] cheese - null
[2022-01-22T11:03:12.859] [DEBUG] cheese - null
[2022-01-22T15:44:52.678] [DEBUG] cheese - login => username:admin,password:123456
[2022-01-22T15:44:52.679] [DEBUG] cheese - admin
[2022-01-22T15:44:52.715] [DEBUG] cheese - null
[2022-01-22T15:44:52.715] [DEBUG] cheese - null
[2022-01-22T15:46:52.455] [DEBUG] cheese - login => username:admin,password:123456
[2022-01-22T15:46:52.455] [DEBUG] cheese - admin
[2022-01-22T15:46:52.458] [DEBUG] cheese - null
[2022-01-22T15:46:52.458] [DEBUG] cheese - null
[2022-01-22T17:31:47.738] [DEBUG] cheese - login => username:admin,password:123456
[2022-01-22T17:31:47.739] [DEBUG] cheese - admin
[2022-01-22T17:31:47.746] [DEBUG] cheese - null
[2022-01-22T17:31:47.746] [DEBUG] cheese - null
[2022-01-22T23:46:37.269] [DEBUG] cheese - login => username:admin,password:123456
[2022-01-22T23:46:37.270] [DEBUG] cheese - admin
[2022-01-22T23:46:37.297] [DEBUG] cheese - null
[2022-01-22T23:46:37.298] [DEBUG] cheese - null
[2022-01-23T13:29:20.631] [DEBUG] cheese - login => username:admin,password:123456
[2022-01-23T13:29:20.632] [DEBUG] cheese - admin
[2022-01-23T13:29:20.636] [DEBUG] cheese - null
[2022-01-23T13:29:20.637] [DEBUG] cheese - null
[2022-01-23T13:58:01.158] [DEBUG] cheese - login => username:admin,password:123456
[2022-01-23T13:58:01.159] [DEBUG] cheese - admin
[2022-01-23T13:58:01.161] [DEBUG] cheese - null
[2022-01-23T13:58:01.161] [DEBUG] cheese - null
[2022-01-23T13:58:10.972] [DEBUG] cheese - login => username:admin,password:123456
[2022-01-23T13:58:10.972] [DEBUG] cheese - admin
[2022-01-23T13:58:10.974] [DEBUG] cheese - null
[2022-01-23T13:58:10.974] [DEBUG] cheese - null
[2022-01-23T19:39:37.449] [DEBUG] cheese - login => username:admin,password:123456
[2022-01-23T19:39:37.451] [DEBUG] cheese - admin
[2022-01-23T19:39:37.471] [DEBUG] cheese - null
[2022-01-23T19:39:37.471] [DEBUG] cheese - null
[2022-01-23T19:40:52.180] [DEBUG] cheese - login => username:admin,password:123456
[2022-01-23T19:40:52.180] [DEBUG] cheese - admin
[2022-01-23T19:40:52.182] [DEBUG] cheese - null
[2022-01-23T19:40:52.182] [DEBUG] cheese - null
[2022-01-23T23:10:11.554] [DEBUG] cheese - login => username:admin,password:123456
[2022-01-23T23:10:11.554] [DEBUG] cheese - admin
[2022-01-23T23:10:11.555] [DEBUG] cheese - null
[2022-01-23T23:10:11.555] [DEBUG] cheese - null
[2022-01-24T08:39:21.576] [DEBUG] cheese - login => username:admin,password:123456
[2022-01-24T08:39:21.577] [DEBUG] cheese - admin
[2022-01-24T08:39:21.637] [DEBUG] cheese - null
[2022-01-24T08:39:21.638] [DEBUG] cheese - null
[2022-01-24T11:12:11.102] [DEBUG] cheese - login => username:admin,password:123456
[2022-01-24T11:12:11.103] [DEBUG] cheese - admin
[2022-01-24T11:12:11.126] [DEBUG] cheese - null
[2022-01-24T11:12:11.127] [DEBUG] cheese - null
[2022-01-24T11:15:26.906] [DEBUG] cheese - login => username:admin,password:123456
[2022-01-24T11:15:26.907] [DEBUG] cheese - admin
[2022-01-24T11:15:26.920] [DEBUG] cheese - null
[2022-01-24T11:15:26.920] [DEBUG] cheese - null
[2022-01-24T11:15:48.917] [DEBUG] cheese - login => username:admin,password:123456dd
[2022-01-24T11:15:48.918] [DEBUG] cheese - admin
[2022-01-24T11:15:48.932] [DEBUG] cheese - null
[2022-01-24T11:15:48.932] [DEBUG] cheese - null
[2022-01-24T11:15:52.860] [DEBUG] cheese - login => username:admin,password:123456
[2022-01-24T11:15:52.860] [DEBUG] cheese - admin
[2022-01-24T11:15:52.863] [DEBUG] cheese - null
[2022-01-24T11:15:52.863] [DEBUG] cheese - null
[2022-01-24T11:52:20.955] [DEBUG] cheese - login => username:admin,password:123456
[2022-01-24T11:52:20.956] [DEBUG] cheese - admin
[2022-01-24T11:52:20.961] [DEBUG] cheese - null
[2022-01-24T11:52:20.961] [DEBUG] cheese - null
[2022-01-24T12:15:46.426] [DEBUG] cheese - login => username:admin,password:123456
[2022-01-24T12:15:46.426] [DEBUG] cheese - admin
[2022-01-24T12:15:46.429] [DEBUG] cheese - null
[2022-01-24T12:15:46.429] [DEBUG] cheese - null
[2022-01-24T16:15:34.675] [DEBUG] cheese - login => username:admin,password:123456
[2022-01-24T16:15:34.676] [DEBUG] cheese - admin
[2022-01-24T16:15:34.711] [DEBUG] cheese - null
[2022-01-24T16:15:34.711] [DEBUG] cheese - null
[2022-01-24T17:45:16.054] [DEBUG] cheese - login => username:admin,password:123456
[2022-01-24T17:45:16.055] [DEBUG] cheese - admin
[2022-01-24T17:45:16.064] [DEBUG] cheese - null
[2022-01-24T17:45:16.064] [DEBUG] cheese - null
[2022-01-24T18:49:02.433] [DEBUG] cheese - login => username:admin,password:123456
[2022-01-24T18:49:02.433] [DEBUG] cheese - admin
[2022-01-24T18:49:02.448] [DEBUG] cheese - null
[2022-01-24T18:49:02.448] [DEBUG] cheese - null
[2022-01-25T11:07:48.079] [DEBUG] cheese - login => username:admin,password:123456
[2022-01-25T11:07:48.081] [DEBUG] cheese - admin
[2022-01-25T11:07:48.154] [DEBUG] cheese - null
[2022-01-25T11:07:48.154] [DEBUG] cheese - null
[2022-01-25T12:37:37.959] [DEBUG] cheese - login => username:admin,password:123456
[2022-01-25T12:37:37.959] [DEBUG] cheese - admin
[2022-01-25T12:37:37.983] [DEBUG] cheese - null
[2022-01-25T12:37:37.983] [DEBUG] cheese - null
[2022-01-25T12:41:24.245] [DEBUG] cheese - login => username:admin,password:123456
[2022-01-25T12:41:24.246] [DEBUG] cheese - admin
[2022-01-25T12:41:24.268] [DEBUG] cheese - null
[2022-01-25T12:41:24.268] [DEBUG] cheese - null
[2022-01-25T14:59:21.994] [DEBUG] cheese - login => username:admin,password:123456
[2022-01-25T14:59:21.995] [DEBUG] cheese - admin
[2022-01-25T14:59:22.016] [DEBUG] cheese - null
[2022-01-25T14:59:22.016] [DEBUG] cheese - null
[2022-01-26T10:10:54.139] [DEBUG] cheese - login => username:admin,password:123456
[2022-01-26T10:10:54.153] [DEBUG] cheese - admin
[2022-01-26T10:10:54.187] [DEBUG] cheese - null
[2022-01-26T10:10:54.188] [DEBUG] cheese - null
[2022-01-26T11:12:53.743] [DEBUG] cheese - login => username:admin,password:123456
[2022-01-26T11:12:53.744] [DEBUG] cheese - admin
[2022-01-26T11:12:53.772] [DEBUG] cheese - null
[2022-01-26T11:12:53.772] [DEBUG] cheese - null
[2022-01-26T13:00:59.788] [DEBUG] cheese - login => username:admin,password:123456
[2022-01-26T13:00:59.789] [DEBUG] cheese - admin
[2022-01-26T13:00:59.802] [DEBUG] cheese - null
[2022-01-26T13:00:59.802] [DEBUG] cheese - null
[2022-01-26T13:17:26.159] [DEBUG] cheese - login => username:admin,password:123456
[2022-01-26T13:17:26.159] [DEBUG] cheese - admin
[2022-01-26T13:17:26.162] [DEBUG] cheese - null
[2022-01-26T13:17:26.162] [DEBUG] cheese - null
[2022-01-26T14:57:05.698] [DEBUG] cheese - login => username:admin,password:123456
[2022-01-26T14:57:05.700] [DEBUG] cheese - admin
[2022-01-26T14:57:05.719] [DEBUG] cheese - null
[2022-01-26T14:57:05.720] [DEBUG] cheese - null
[2022-01-26T17:12:19.717] [DEBUG] cheese - login => username:admin,password:123456
[2022-01-26T17:12:19.718] [DEBUG] cheese - admin
[2022-01-26T17:12:19.726] [DEBUG] cheese - null
[2022-01-26T17:12:19.726] [DEBUG] cheese - null
[2022-01-26T19:14:36.918] [DEBUG] cheese - login => username:admin,password:123456
[2022-01-26T19:14:36.919] [DEBUG] cheese - admin
[2022-01-26T19:14:36.922] [DEBUG] cheese - null
[2022-01-26T19:14:36.922] [DEBUG] cheese - null
[2022-01-26T20:22:05.382] [DEBUG] cheese - login => username:admin,password:123456
[2022-01-26T20:22:05.383] [DEBUG] cheese - admin
[2022-01-26T20:22:05.392] [DEBUG] cheese - null
[2022-01-26T20:22:05.392] [DEBUG] cheese - null
[2022-01-26T20:30:21.767] [DEBUG] cheese - null
[2022-01-26T20:30:47.217] [DEBUG] cheese - null
[2022-01-27T10:03:07.504] [DEBUG] cheese - login => username:admin,password:123456
[2022-01-27T10:03:07.505] [DEBUG] cheese - admin
[2022-01-27T10:03:07.623] [DEBUG] cheese - null
[2022-01-27T10:03:07.625] [DEBUG] cheese - null
[2022-01-27T10:03:48.468] [DEBUG] cheese - null
[2022-01-27T16:07:20.946] [DEBUG] cheese - login => username:admin,password:123456
[2022-01-27T16:07:20.947] [DEBUG] cheese - admin
[2022-01-27T16:08:21.184] [DEBUG] cheese - login => username:admin,password:123456
[2022-01-27T16:08:21.184] [DEBUG] cheese - admin
[2022-01-27T16:08:21.192] [DEBUG] cheese - login => username:admin,password:123456
[2022-01-27T16:08:21.192] [DEBUG] cheese - admin
[2022-01-27T16:08:21.195] [DEBUG] cheese - login => username:admin,password:123456
[2022-01-27T16:08:21.195] [DEBUG] cheese - admin
[2022-01-27T16:08:21.197] [DEBUG] cheese - login => username:admin,password:123456
[2022-01-27T16:08:21.197] [DEBUG] cheese - admin
[2022-01-27T16:08:21.221] [DEBUG] cheese - login => username:admin,password:123456
[2022-01-27T16:08:21.222] [DEBUG] cheese - admin
[2022-01-27T16:08:21.224] [DEBUG] cheese - login => username:admin,password:123456
[2022-01-27T16:08:21.224] [DEBUG] cheese - admin
[2022-01-27T16:08:21.226] [DEBUG] cheese - login => username:admin,password:123456
[2022-01-27T16:08:21.226] [DEBUG] cheese - admin
[2022-01-27T16:08:21.230] [DEBUG] cheese - login => username:admin,password:123456
[2022-01-27T16:08:21.230] [DEBUG] cheese - admin
[2022-01-27T16:08:21.233] [DEBUG] cheese - null
[2022-01-27T16:08:21.233] [DEBUG] cheese - null
[2022-01-27T16:08:21.310] [DEBUG] cheese - null
[2022-01-27T16:08:21.310] [DEBUG] cheese - null
[2022-01-27T16:08:21.391] [DEBUG] cheese - null
[2022-01-27T16:08:21.391] [DEBUG] cheese - null
[2022-01-27T16:08:21.466] [DEBUG] cheese - null
[2022-01-27T16:08:21.466] [DEBUG] cheese - null
[2022-01-27T16:08:21.543] [DEBUG] cheese - null
[2022-01-27T16:08:21.543] [DEBUG] cheese - null
[2022-01-27T16:08:21.625] [DEBUG] cheese - null
[2022-01-27T16:08:21.625] [DEBUG] cheese - null
[2022-01-27T16:08:21.701] [DEBUG] cheese - null
[2022-01-27T16:08:21.701] [DEBUG] cheese - null
[2022-01-27T16:08:21.830] [DEBUG] cheese - null
[2022-01-27T16:08:21.830] [DEBUG] cheese - null
[2022-01-27T16:08:21.921] [DEBUG] cheese - null
[2022-01-27T16:08:21.922] [DEBUG] cheese - null
[2022-01-27T16:08:37.337] [DEBUG] cheese - login => username:admin,password:123456
[2022-01-27T16:08:37.339] [DEBUG] cheese - admin
[2022-01-27T16:08:37.345] [DEBUG] cheese - null
[2022-01-27T16:08:37.346] [DEBUG] cheese - null
[2022-02-07T09:05:26.516] [DEBUG] cheese - login => username:admin,password:123456
[2022-02-07T09:05:26.518] [DEBUG] cheese - admin
[2022-02-07T09:05:26.555] [DEBUG] cheese - null
[2022-02-07T09:05:26.556] [DEBUG] cheese - null
[2022-02-07T09:31:57.986] [DEBUG] cheese - null
[2022-02-08T19:35:35.207] [DEBUG] cheese - login => username:admin,password:123456
[2022-02-08T19:35:35.222] [DEBUG] cheese - admin
[2022-02-08T19:35:35.346] [DEBUG] cheese - null
[2022-02-08T19:35:35.347] [DEBUG] cheese - null
[2022-02-12T09:09:42.184] [DEBUG] cheese - login => username:admin,password:123456
[2022-02-12T09:09:42.185] [DEBUG] cheese - admin
[2022-02-12T09:09:42.231] [DEBUG] cheese - null
[2022-02-12T09:09:42.232] [DEBUG] cheese - null
[2022-02-12T09:12:31.496] [DEBUG] cheese - login => username:admin,password:123456
[2022-02-12T09:12:31.496] [DEBUG] cheese - admin
[2022-02-12T09:12:31.509] [DEBUG] cheese - null
[2022-02-12T09:12:31.509] [DEBUG] cheese - null
[2022-02-12T09:13:16.938] [DEBUG] cheese - login => username:admin,password:123456
[2022-02-12T09:13:16.939] [DEBUG] cheese - admin
[2022-02-12T09:13:16.945] [DEBUG] cheese - null
[2022-02-12T09:13:16.945] [DEBUG] cheese - null
[2022-02-12T09:13:47.067] [DEBUG] cheese - login => username:admin,password:123456
[2022-02-12T09:13:47.067] [DEBUG] cheese - admin
[2022-02-12T09:13:47.070] [DEBUG] cheese - null
[2022-02-12T09:13:47.070] [DEBUG] cheese - null
[2022-02-15T08:53:20.901] [DEBUG] cheese - login => username:admin,password:123456
[2022-02-15T08:53:20.903] [DEBUG] cheese - admin
[2022-02-15T08:53:21.096] [DEBUG] cheese - null
[2022-02-15T08:53:21.096] [DEBUG] cheese - null
