[2022-01-20T00:39:44.557] [DEBUG] cheese - login => username:张三,password:123456
[2022-01-20T00:39:44.559] [DEBUG] cheese - 张三
[2022-01-20T00:39:44.564] [DEBUG] cheese - null
[2022-01-20T00:39:44.565] [DEBUG] cheese - null
[2022-01-20T00:40:05.493] [DEBUG] cheese - login => username:张三,password:123456
[2022-01-20T00:40:05.493] [DEBUG] cheese - 张三
[2022-01-20T00:40:05.494] [DEBUG] cheese - null
[2022-01-20T00:40:05.494] [DEBUG] cheese - null
[2022-01-20T00:41:26.616] [DEBUG] cheese - login => username:admin,password:123456
[2022-01-20T00:41:26.616] [DEBUG] cheese - admin
[2022-01-20T00:41:26.619] [DEBUG] cheese - null
[2022-01-20T00:41:26.620] [DEBUG] cheese - null
[2022-01-20T13:38:23.991] [DEBUG] cheese - login => username:admin,password:123456
[2022-01-20T13:38:24.013] [DEBUG] cheese - admin
[2022-01-20T13:38:24.048] [DEBUG] cheese - null
[2022-01-20T13:38:24.048] [DEBUG] cheese - null
[2022-01-21T19:00:53.558] [DEBUG] cheese - login => username:zs5,password:123dsf
[2022-01-21T19:00:53.567] [DEBUG] cheese - zs5
[2022-01-21T19:00:53.613] [DEBUG] cheese - null
[2022-01-21T19:00:53.614] [DEBUG] cheese - null
[2022-01-21T19:07:12.950] [DEBUG] cheese - login => username:zs55,password:123456
[2022-01-21T19:07:12.951] [DEBUG] cheese - zs55
[2022-01-21T19:07:12.956] [DEBUG] cheese - null
[2022-01-21T19:07:12.956] [DEBUG] cheese - null
[2022-01-22T08:48:42.886] [DEBUG] cheese - login => username:admin,password:123456
[2022-01-22T08:48:42.887] [DEBUG] cheese - admin
[2022-01-22T08:48:42.937] [DEBUG] cheese - null
[2022-01-22T08:48:42.938] [DEBUG] cheese - null
[2022-01-22T08:48:48.670] [DEBUG] cheese - login => username:admin,password:123456
[2022-01-22T08:48:48.670] [DEBUG] cheese - admin
[2022-01-22T08:48:48.684] [DEBUG] cheese - null
[2022-01-22T08:48:48.684] [DEBUG] cheese - null
[2022-01-22T09:55:26.383] [DEBUG] cheese - login => username:admin,password:123456
[2022-01-22T09:55:26.385] [DEBUG] cheese - admin
[2022-01-22T09:55:26.416] [DEBUG] cheese - null
[2022-01-22T09:55:26.416] [DEBUG] cheese - null
[2022-01-22T10:00:35.854] [DEBUG] cheese - login => username:admin,password:123456
[2022-01-22T10:00:35.854] [DEBUG] cheese - admin
[2022-01-22T10:00:35.857] [DEBUG] cheese - null
[2022-01-22T10:00:35.857] [DEBUG] cheese - null
[2022-01-22T10:06:14.119] [DEBUG] cheese - login => username:admin,password:123456
[2022-01-22T10:06:14.119] [DEBUG] cheese - admin
[2022-01-22T10:06:14.123] [DEBUG] cheese - null
[2022-01-22T10:06:14.123] [DEBUG] cheese - null
[2022-01-22T10:08:02.731] [DEBUG] cheese - login => username:admin,password:123456
[2022-01-22T10:08:02.731] [DEBUG] cheese - admin
[2022-01-22T10:08:02.745] [DEBUG] cheese - null
[2022-01-22T10:08:02.745] [DEBUG] cheese - null
[2022-01-22T10:08:18.688] [DEBUG] cheese - login => username:admin,password:123456
[2022-01-22T10:08:18.688] [DEBUG] cheese - admin
[2022-01-22T10:08:18.703] [DEBUG] cheese - null
[2022-01-22T10:08:18.703] [DEBUG] cheese - null
[2022-01-22T10:38:05.582] [DEBUG] cheese - login => username:admin,password:123456
[2022-01-22T10:38:05.582] [DEBUG] cheese - admin
[2022-01-22T10:38:05.616] [DEBUG] cheese - null
[2022-01-22T10:38:05.616] [DEBUG] cheese - null
[2022-01-22T10:42:41.479] [DEBUG] cheese - login => username:admin,password:123456
[2022-01-22T10:42:41.480] [DEBUG] cheese - admin
[2022-01-22T10:42:41.496] [DEBUG] cheese - null
[2022-01-22T10:42:41.496] [DEBUG] cheese - null
[2022-01-22T10:44:24.248] [DEBUG] cheese - login => username:admin,password:123456
[2022-01-22T10:44:24.248] [DEBUG] cheese - admin
[2022-01-22T10:44:24.262] [DEBUG] cheese - null
[2022-01-22T10:44:24.262] [DEBUG] cheese - null
[2022-01-22T11:03:12.855] [DEBUG] cheese - login => username:admin,password:123456
[2022-01-22T11:03:12.856] [DEBUG] cheese - admin
[2022-01-22T11:03:12.859] [DEBUG] cheese - null
[2022-01-22T11:03:12.859] [DEBUG] cheese - null
[2022-01-22T15:44:52.678] [DEBUG] cheese - login => username:admin,password:123456
[2022-01-22T15:44:52.679] [DEBUG] cheese - admin
[2022-01-22T15:44:52.715] [DEBUG] cheese - null
[2022-01-22T15:44:52.715] [DEBUG] cheese - null
[2022-01-22T15:46:52.455] [DEBUG] cheese - login => username:admin,password:123456
[2022-01-22T15:46:52.455] [DEBUG] cheese - admin
[2022-01-22T15:46:52.458] [DEBUG] cheese - null
[2022-01-22T15:46:52.458] [DEBUG] cheese - null
[2022-01-22T17:31:47.738] [DEBUG] cheese - login => username:admin,password:123456
[2022-01-22T17:31:47.739] [DEBUG] cheese - admin
[2022-01-22T17:31:47.746] [DEBUG] cheese - null
[2022-01-22T17:31:47.746] [DEBUG] cheese - null
[2022-01-22T23:46:37.269] [DEBUG] cheese - login => username:admin,password:123456
[2022-01-22T23:46:37.270] [DEBUG] cheese - admin
[2022-01-22T23:46:37.297] [DEBUG] cheese - null
[2022-01-22T23:46:37.298] [DEBUG] cheese - null
[2022-01-23T13:29:20.631] [DEBUG] cheese - login => username:admin,password:123456
[2022-01-23T13:29:20.632] [DEBUG] cheese - admin
[2022-01-23T13:29:20.636] [DEBUG] cheese - null
[2022-01-23T13:29:20.637] [DEBUG] cheese - null
[2022-01-23T13:58:01.158] [DEBUG] cheese - login => username:admin,password:123456
[2022-01-23T13:58:01.159] [DEBUG] cheese - admin
[2022-01-23T13:58:01.161] [DEBUG] cheese - null
[2022-01-23T13:58:01.161] [DEBUG] cheese - null
[2022-01-23T13:58:10.972] [DEBUG] cheese - login => username:admin,password:123456
[2022-01-23T13:58:10.972] [DEBUG] cheese - admin
[2022-01-23T13:58:10.974] [DEBUG] cheese - null
[2022-01-23T13:58:10.974] [DEBUG] cheese - null
[2022-01-23T19:39:37.449] [DEBUG] cheese - login => username:admin,password:123456
[2022-01-23T19:39:37.451] [DEBUG] cheese - admin
[2022-01-23T19:39:37.471] [DEBUG] cheese - null
[2022-01-23T19:39:37.471] [DEBUG] cheese - null
[2022-01-23T19:40:52.180] [DEBUG] cheese - login => username:admin,password:123456
[2022-01-23T19:40:52.180] [DEBUG] cheese - admin
[2022-01-23T19:40:52.182] [DEBUG] cheese - null
[2022-01-23T19:40:52.182] [DEBUG] cheese - null
[2022-01-23T23:10:11.554] [DEBUG] cheese - login => username:admin,password:123456
[2022-01-23T23:10:11.554] [DEBUG] cheese - admin
[2022-01-23T23:10:11.555] [DEBUG] cheese - null
[2022-01-23T23:10:11.555] [DEBUG] cheese - null
[2022-01-24T23:33:44.910] [DEBUG] cheese - login => username:admin,password:123456
[2022-01-24T23:33:44.912] [DEBUG] cheese - admin
[2022-01-24T23:33:44.942] [DEBUG] cheese - null
[2022-01-24T23:33:44.942] [DEBUG] cheese - null
[2022-01-25T00:09:40.859] [DEBUG] cheese - login => username:admin,password:123456
[2022-01-25T00:09:40.859] [DEBUG] cheese - admin
[2022-01-25T00:09:40.861] [DEBUG] cheese - null
[2022-01-25T00:09:40.861] [DEBUG] cheese - null
[2022-01-25T00:25:46.341] [DEBUG] cheese - login => username:admin,password:123456
[2022-01-25T00:25:46.343] [DEBUG] cheese - admin
[2022-01-25T00:25:46.356] [DEBUG] cheese - null
[2022-01-25T00:25:46.357] [DEBUG] cheese - null
[2022-01-25T23:17:38.752] [DEBUG] cheese - login => username:admin,password:123456
[2022-01-25T23:17:38.753] [DEBUG] cheese - admin
[2022-01-25T23:17:38.781] [DEBUG] cheese - null
[2022-01-25T23:17:38.782] [DEBUG] cheese - null
[2022-01-26T00:38:57.321] [DEBUG] cheese - login => username:admin,password:123456
[2022-01-26T00:38:57.321] [DEBUG] cheese - admin
[2022-01-26T00:38:57.324] [DEBUG] cheese - null
[2022-01-26T00:38:57.325] [DEBUG] cheese - null
[2022-01-26T23:55:23.607] [DEBUG] cheese - login => username:admin,password:123456
[2022-01-26T23:55:23.608] [DEBUG] cheese - admin
[2022-01-26T23:55:23.638] [DEBUG] cheese - null
[2022-01-26T23:55:23.638] [DEBUG] cheese - null
[2022-01-27T00:05:22.587] [DEBUG] cheese - null
[2022-01-27T00:05:27.869] [DEBUG] cheese - null
[2022-01-27T00:05:33.760] [DEBUG] cheese - null
[2022-01-27T00:05:49.148] [DEBUG] cheese - null
[2022-01-27T00:08:53.960] [DEBUG] cheese - null
[2022-01-27T00:15:25.030] [DEBUG] cheese - null
[2022-01-27T00:17:20.973] [DEBUG] cheese - null
[2022-01-27T00:17:24.438] [DEBUG] cheese - null
[2022-01-27T00:26:46.438] [DEBUG] cheese - login => username:admin,password:123456
[2022-01-27T00:26:46.438] [DEBUG] cheese - admin
[2022-01-27T00:26:46.440] [DEBUG] cheese - null
[2022-01-27T00:26:46.440] [DEBUG] cheese - null
[2022-01-27T01:47:41.021] [DEBUG] cheese - login => username:admin,password:123456
[2022-01-27T01:47:41.022] [DEBUG] cheese - admin
[2022-01-27T01:47:41.024] [DEBUG] cheese - null
[2022-01-27T01:47:41.024] [DEBUG] cheese - null
[2022-01-27T22:57:35.818] [DEBUG] cheese - login => username:admin,password:123456
[2022-01-27T22:57:35.819] [DEBUG] cheese - admin
[2022-01-27T22:57:35.836] [DEBUG] cheese - null
[2022-01-27T22:57:35.836] [DEBUG] cheese - null
[2022-01-27T23:39:21.604] [DEBUG] cheese - login => username:admin,password:123456
[2022-01-27T23:39:21.604] [DEBUG] cheese - admin
[2022-01-27T23:39:21.606] [DEBUG] cheese - null
[2022-01-27T23:39:21.606] [DEBUG] cheese - null
[2022-01-27T23:45:46.600] [DEBUG] cheese - login => username:admin,password:123456
[2022-01-27T23:45:46.600] [DEBUG] cheese - admin
[2022-01-27T23:45:46.602] [DEBUG] cheese - null
[2022-01-27T23:45:46.602] [DEBUG] cheese - null
[2022-01-28T01:35:00.532] [DEBUG] cheese - login => username:admin,password:123456
[2022-01-28T01:35:00.532] [DEBUG] cheese - admin
[2022-01-28T01:35:00.533] [DEBUG] cheese - null
[2022-01-28T01:35:00.534] [DEBUG] cheese - null
[2022-01-28T01:35:31.236] [DEBUG] cheese - login => username:admin,password:123456
[2022-01-28T01:35:31.236] [DEBUG] cheese - admin
[2022-01-28T01:35:31.238] [DEBUG] cheese - null
[2022-01-28T01:35:31.238] [DEBUG] cheese - null
[2022-01-29T10:45:32.096] [DEBUG] cheese - login => username:admin,password:123456
[2022-01-29T10:45:32.098] [DEBUG] cheese - admin
[2022-01-29T10:45:32.130] [DEBUG] cheese - null
[2022-01-29T10:45:32.131] [DEBUG] cheese - null
[2022-01-29T10:57:33.950] [DEBUG] cheese - login => username:admin,password:123456
[2022-01-29T10:57:33.950] [DEBUG] cheese - admin
[2022-01-29T10:57:33.953] [DEBUG] cheese - null
[2022-01-29T10:57:33.953] [DEBUG] cheese - null
[2022-01-29T11:04:14.256] [DEBUG] cheese - login => username:admin,password:123456
[2022-01-29T11:04:14.256] [DEBUG] cheese - admin
[2022-01-29T11:04:14.258] [DEBUG] cheese - null
[2022-01-29T11:04:14.258] [DEBUG] cheese - null
[2022-01-29T11:29:57.612] [DEBUG] cheese - login => username:admin,password:123456
[2022-01-29T11:29:57.612] [DEBUG] cheese - admin
[2022-01-29T11:29:57.615] [DEBUG] cheese - null
[2022-01-29T11:29:57.615] [DEBUG] cheese - null
[2022-01-29T11:32:05.753] [DEBUG] cheese - login => username:admin,password:12345
[2022-01-29T11:32:05.753] [DEBUG] cheese - admin
[2022-01-29T11:32:05.755] [DEBUG] cheese - null
[2022-01-29T11:32:05.755] [DEBUG] cheese - null
[2022-01-29T19:48:18.894] [DEBUG] cheese - login => username:admin,password:123456
[2022-01-29T19:48:18.895] [DEBUG] cheese - admin
[2022-01-29T19:48:18.898] [DEBUG] cheese - null
[2022-01-29T19:48:18.898] [DEBUG] cheese - null
[2022-01-29T22:08:25.658] [DEBUG] cheese - login => username:admin,password:123456
[2022-01-29T22:08:25.659] [DEBUG] cheese - admin
[2022-01-29T22:08:25.664] [DEBUG] cheese - null
[2022-01-29T22:08:25.664] [DEBUG] cheese - null
[2022-01-30T17:24:46.402] [DEBUG] cheese - login => username:admin,password:123456
[2022-01-30T17:24:46.403] [DEBUG] cheese - admin
[2022-01-30T17:24:46.415] [DEBUG] cheese - null
[2022-01-30T17:24:46.416] [DEBUG] cheese - null
[2022-01-30T17:36:24.594] [DEBUG] cheese - login => username:admin,password:123456
[2022-01-30T17:36:24.595] [DEBUG] cheese - admin
[2022-01-30T17:36:24.598] [DEBUG] cheese - null
[2022-01-30T17:36:24.599] [DEBUG] cheese - null
[2022-01-30T18:01:09.217] [DEBUG] cheese - login => username:admin,password:123456
[2022-01-30T18:01:09.218] [DEBUG] cheese - admin
[2022-01-30T18:01:09.222] [DEBUG] cheese - null
[2022-01-30T18:01:09.223] [DEBUG] cheese - null
[2022-01-30T20:11:52.869] [DEBUG] cheese - null
[2022-01-31T01:28:30.675] [DEBUG] cheese - login => username:admin,password:123456
[2022-01-31T01:28:30.676] [DEBUG] cheese - admin
[2022-01-31T01:28:30.679] [DEBUG] cheese - null
[2022-01-31T01:28:30.681] [DEBUG] cheese - null
[2022-01-31T01:39:44.226] [DEBUG] cheese - login => username:admin,password:123456
[2022-01-31T01:39:44.226] [DEBUG] cheese - admin
[2022-01-31T01:39:44.227] [DEBUG] cheese - null
[2022-01-31T01:39:44.227] [DEBUG] cheese - null
[2022-01-31T02:56:39.170] [DEBUG] cheese - login => username:admin,password:123456
[2022-01-31T02:56:39.172] [DEBUG] cheese - admin
[2022-01-31T02:56:39.175] [DEBUG] cheese - null
[2022-01-31T02:56:39.175] [DEBUG] cheese - null
[2022-01-31T13:44:11.932] [DEBUG] cheese - login => username:admin,password:123456
[2022-01-31T13:44:11.933] [DEBUG] cheese - admin
[2022-01-31T13:44:11.946] [DEBUG] cheese - null
[2022-01-31T13:44:11.946] [DEBUG] cheese - null
[2022-01-31T13:53:45.690] [DEBUG] cheese - login => username:admin,password:123456
[2022-01-31T13:53:45.691] [DEBUG] cheese - admin
[2022-01-31T13:53:45.697] [DEBUG] cheese - null
[2022-01-31T13:53:45.697] [DEBUG] cheese - null
[2022-01-31T15:34:20.519] [DEBUG] cheese - login => username:admin,password:123456
[2022-01-31T15:34:20.520] [DEBUG] cheese - admin
[2022-01-31T15:34:20.523] [DEBUG] cheese - null
[2022-01-31T15:34:20.523] [DEBUG] cheese - null
[2022-01-31T16:01:49.890] [DEBUG] cheese - login => username:admin,password:123456
[2022-01-31T16:01:49.892] [DEBUG] cheese - admin
[2022-01-31T16:01:49.895] [DEBUG] cheese - null
[2022-01-31T16:01:49.895] [DEBUG] cheese - null
[2022-01-31T16:03:33.323] [DEBUG] cheese - login => username:admin,password:123456
[2022-01-31T16:03:33.325] [DEBUG] cheese - admin
[2022-01-31T16:03:33.327] [DEBUG] cheese - null
[2022-01-31T16:03:33.327] [DEBUG] cheese - null
[2022-01-31T16:25:45.795] [DEBUG] cheese - login => username:admin,password:123456
[2022-01-31T16:25:45.797] [DEBUG] cheese - admin
[2022-01-31T16:25:45.801] [DEBUG] cheese - null
[2022-01-31T16:25:45.802] [DEBUG] cheese - null
[2022-01-31T16:52:14.175] [DEBUG] cheese - login => username:admin,password:123456
[2022-01-31T16:52:14.176] [DEBUG] cheese - admin
[2022-01-31T16:52:14.179] [DEBUG] cheese - null
[2022-01-31T16:52:14.179] [DEBUG] cheese - null
[2022-01-31T18:45:10.813] [DEBUG] cheese - login => username:admin,password:123456
[2022-01-31T18:45:10.814] [DEBUG] cheese - admin
[2022-01-31T18:45:10.817] [DEBUG] cheese - null
[2022-01-31T18:45:10.818] [DEBUG] cheese - null
[2022-01-31T19:07:16.062] [DEBUG] cheese - login => username:admin,password:123456
[2022-01-31T19:07:16.063] [DEBUG] cheese - admin
[2022-01-31T19:07:16.065] [DEBUG] cheese - null
[2022-01-31T19:07:16.066] [DEBUG] cheese - null
[2022-01-31T19:33:04.479] [DEBUG] cheese - login => username:admin,password:123456
[2022-01-31T19:33:04.481] [DEBUG] cheese - admin
[2022-01-31T19:33:04.484] [DEBUG] cheese - null
[2022-01-31T19:33:04.485] [DEBUG] cheese - null
[2022-01-31T21:48:53.093] [DEBUG] cheese - login => username:admin,password:123456
[2022-01-31T21:48:53.094] [DEBUG] cheese - admin
[2022-01-31T21:48:53.097] [DEBUG] cheese - null
[2022-01-31T21:48:53.098] [DEBUG] cheese - null
[2022-01-31T22:15:51.609] [DEBUG] cheese - login => username:admin,password:123456
[2022-01-31T22:15:51.611] [DEBUG] cheese - admin
[2022-01-31T22:15:51.615] [DEBUG] cheese - null
[2022-01-31T22:15:51.615] [DEBUG] cheese - null
[2022-02-01T01:47:01.977] [DEBUG] cheese - login => username:admin,password:123456
[2022-02-01T01:47:01.979] [DEBUG] cheese - admin
[2022-02-01T01:47:01.983] [DEBUG] cheese - null
[2022-02-01T01:47:01.983] [DEBUG] cheese - null
[2022-02-01T11:26:09.727] [DEBUG] cheese - login => username:admin,password:123456
[2022-02-01T11:26:09.729] [DEBUG] cheese - admin
[2022-02-01T11:26:09.735] [DEBUG] cheese - null
[2022-02-01T11:26:09.736] [DEBUG] cheese - null
[2022-02-01T14:25:24.508] [DEBUG] cheese - login => username:admin,password:123456
[2022-02-01T14:25:24.509] [DEBUG] cheese - admin
[2022-02-01T14:25:24.512] [DEBUG] cheese - null
[2022-02-01T14:25:24.513] [DEBUG] cheese - null
[2022-02-02T00:02:22.802] [DEBUG] cheese - login => username:admin,password:123456
[2022-02-02T00:02:22.804] [DEBUG] cheese - admin
[2022-02-02T00:02:22.806] [DEBUG] cheese - null
[2022-02-02T00:02:22.806] [DEBUG] cheese - null
[2022-02-02T01:55:43.507] [DEBUG] cheese - null
[2022-02-02T01:56:32.595] [DEBUG] cheese - null
[2022-02-02T01:56:41.102] [DEBUG] cheese - null
[2022-02-02T02:13:52.795] [DEBUG] cheese - login => username:admin,password:123456
[2022-02-02T02:13:52.795] [DEBUG] cheese - admin
[2022-02-02T02:13:52.798] [DEBUG] cheese - null
[2022-02-02T02:13:52.798] [DEBUG] cheese - null
[2022-02-02T19:32:47.308] [DEBUG] cheese - login => username:admin,password:123456
[2022-02-02T19:32:47.310] [DEBUG] cheese - admin
[2022-02-02T19:32:47.317] [DEBUG] cheese - null
[2022-02-02T19:32:47.318] [DEBUG] cheese - null
[2022-02-02T19:51:38.148] [DEBUG] cheese - login => username:admin,password:123456
[2022-02-02T19:51:38.150] [DEBUG] cheese - admin
[2022-02-02T19:51:38.153] [DEBUG] cheese - null
[2022-02-02T19:51:38.153] [DEBUG] cheese - null
[2022-02-02T23:54:11.200] [DEBUG] cheese - login => username:admin,password:123456
[2022-02-02T23:54:11.201] [DEBUG] cheese - admin
[2022-02-02T23:54:11.206] [DEBUG] cheese - null
[2022-02-02T23:54:11.206] [DEBUG] cheese - null
[2022-02-03T00:41:04.602] [DEBUG] cheese - login => username:admin,password:123456
[2022-02-03T00:41:04.603] [DEBUG] cheese - admin
[2022-02-03T00:41:04.606] [DEBUG] cheese - null
[2022-02-03T00:41:04.606] [DEBUG] cheese - null
[2022-02-03T02:50:43.570] [DEBUG] cheese - login => username:admin,password:123456
[2022-02-03T02:50:43.571] [DEBUG] cheese - admin
[2022-02-03T02:50:43.573] [DEBUG] cheese - null
[2022-02-03T02:50:43.573] [DEBUG] cheese - null
[2022-02-03T02:56:05.467] [DEBUG] cheese - null
[2022-02-03T02:57:21.365] [DEBUG] cheese - null
[2022-02-03T14:50:37.131] [DEBUG] cheese - login => username:admin,password:123456
[2022-02-03T14:50:37.132] [DEBUG] cheese - admin
[2022-02-03T14:50:37.148] [DEBUG] cheese - null
[2022-02-03T14:50:37.149] [DEBUG] cheese - null
[2022-02-03T22:18:19.379] [DEBUG] cheese - login => username:admin,password:123456
[2022-02-03T22:18:19.379] [DEBUG] cheese - admin
[2022-02-03T22:18:19.382] [DEBUG] cheese - null
[2022-02-03T22:18:19.382] [DEBUG] cheese - null
[2022-02-03T22:41:29.708] [DEBUG] cheese - login => username:admin,password:123456
[2022-02-03T22:41:29.708] [DEBUG] cheese - admin
[2022-02-03T22:41:29.709] [DEBUG] cheese - null
[2022-02-03T22:41:29.709] [DEBUG] cheese - null
[2022-02-03T22:51:49.131] [DEBUG] cheese - login => username:admin,password:123456
[2022-02-03T22:51:49.131] [DEBUG] cheese - admin
[2022-02-03T22:51:49.134] [DEBUG] cheese - null
[2022-02-03T22:51:49.134] [DEBUG] cheese - null
[2022-02-03T23:07:33.925] [DEBUG] cheese - login => username:admin,password:123456
[2022-02-03T23:07:33.925] [DEBUG] cheese - admin
[2022-02-03T23:07:33.926] [DEBUG] cheese - null
[2022-02-03T23:07:33.926] [DEBUG] cheese - null
[2022-02-03T23:39:24.681] [DEBUG] cheese - login => username:admin,password:123456
[2022-02-03T23:39:24.681] [DEBUG] cheese - admin
[2022-02-03T23:39:24.683] [DEBUG] cheese - null
[2022-02-03T23:39:24.683] [DEBUG] cheese - null
[2022-02-04T00:58:44.675] [DEBUG] cheese - login => username:admin,password:123456
[2022-02-04T00:58:44.676] [DEBUG] cheese - admin
[2022-02-04T00:58:44.677] [DEBUG] cheese - null
[2022-02-04T00:58:44.678] [DEBUG] cheese - null
[2022-02-04T01:07:55.157] [DEBUG] cheese - login => username:admin,password:123456
[2022-02-04T01:07:55.157] [DEBUG] cheese - admin
[2022-02-04T01:07:55.158] [DEBUG] cheese - null
[2022-02-04T01:07:55.158] [DEBUG] cheese - null
[2022-02-04T01:26:44.823] [DEBUG] cheese - login => username:admin,password:123456
[2022-02-04T01:26:44.823] [DEBUG] cheese - admin
[2022-02-04T01:26:44.824] [DEBUG] cheese - null
[2022-02-04T01:26:44.824] [DEBUG] cheese - null
[2022-02-07T02:30:19.451] [DEBUG] cheese - login => username:admin,password:123456
[2022-02-07T02:30:19.452] [DEBUG] cheese - admin
[2022-02-07T02:30:19.474] [DEBUG] cheese - null
[2022-02-07T02:30:19.474] [DEBUG] cheese - null
